<?xml version="1.0" encoding="UTF-8"?>
<!-- Generated by org.testng.reporters.JUnitReportReporter -->
<testsuite hostname="WeattachTechnologies" failures="0" tests="1" name="Appium.Scrolling" time="28.972" errors="0" timestamp="10 Mar 2021 04:43:25 GMT" skipped="0">
  <testcase classname="Appium.Scrolling" name="loping" time="28.972"/>
</testsuite> <!-- Appium.Scrolling -->
