<?xml version="1.0" encoding="UTF-8"?>
<!-- Generated by org.testng.reporters.JUnitReportReporter -->
<testsuite hostname="WeattachTechnologies" failures="0" tests="1" name="Appium.Looping" time="21.177" errors="0" timestamp="10 Mar 2021 04:13:46 GMT" skipped="0">
  <testcase classname="Appium.Looping" name="loping" time="21.177"/>
</testsuite> <!-- Appium.Looping -->
